2024-11-05 08:52:12    Trace ->  --------- title --------- │ ------------------ info ------------------ //runtime.doInit1+0xe1 C:/Program Files/Go/src/runtime/proc.go:7278
2024-11-05 08:52:12  HexDump ->                 input data │  //asm.demo+0xe4 D:/workspace/workspace/branch/datarecovery/keygen/asm/demo/demo.go:12
00000000  09 99 8a 7b fe 46 c2 f0                           |...{.F..|
2024-11-05 08:52:12   Struct ->                        mul │  //asm.mul+0x272 D:/workspace/workspace/branch/datarecovery/keygen/asm/demo/bit64.go:144
MulInfo {
  Index: 0x1|1,
  XLow: 0xf3ff|62463,
  XHigh: 0x0|0,
  YLow: 0x1302|4866,
  YHigh: 0x0|0,
  X: 0xf3ff|62463,
  Y: 0x1302|4866,
  Z: 0x121dd4fe|303944958
}
2024-11-05 08:52:12   Struct ->                        mul │  //asm.mul+0x272 D:/workspace/workspace/branch/datarecovery/keygen/asm/demo/bit64.go:144
MulInfo {
  Index: 0x2|2,
  XLow: 0x121dd597|303945111,
  XHigh: 0x0|0,
  YLow: 0x71b793|7452563,
  YHigh: 0x0|0,
  X: 0x121dd597|303945111,
  Y: 0x71b793|7452563,
  Z: 0x80c29027796b5|2265170088269493
}
2024-11-05 08:52:12   Struct ->                         >> │  //asm.(*Bit64).Debug+0x31 D:/workspace/workspace/branch/datarecovery/keygen/asm/demo/bit64.go:105
Bit64 {
  Low: 0x30a40bd|51003581,
  High: 0x2|2
}
2024-11-05 08:52:12   Struct ->                        div │  //asm.div+0x29d D:/workspace/workspace/branch/datarecovery/keygen/asm/demo/bit64.go:171
DivInfo {
  Index: 0x1|1,
  XLow: 0x2f4963b|49583675,
  XHigh: 0x80c29|527401,
  YLow: 0x6381be9a|1669447322,
  YHigh: 0x0|0,
  X: 0x80c2902f4963b|2265170096461371,
  Y: 0x6381be9a|1669447322,
  Z: 0x14b426|1356838
}
2024-11-05 08:52:38   Struct ->                        mul │  //asm.mul+0x272 D:/workspace/workspace/branch/datarecovery/keygen/asm/demo/bit64.go:144
MulInfo {
  Index: 0x3|3,
  XLow: 0x31ef4e3|52360419,
  XHigh: 0x30a40bd|51003581,
  YLow: 0x2|2,
  YHigh: 0x0|0,
  X: 0x30a40bd031ef4e3|219058712426247395,
  Y: 0x2|2,
  Z: 0x614817a063de9c6|438117424852494790
}
2024-11-05 08:52:38   Struct ->                        mul │  //asm.mul+0x272 D:/workspace/workspace/branch/datarecovery/keygen/asm/demo/bit64.go:144
MulInfo {
  Index: 0x4|4,
  XLow: 0xf3f0|62448,
  XHigh: 0x0|0,
  YLow: 0x1634|5684,
  YHigh: 0x0|0,
  X: 0xf3f0|62448,
  Y: 0x1634|5684,
  Z: 0x15282cc0|354954432
}
2024-11-05 08:52:38   Struct ->                        mul │  //asm.mul+0x272 D:/workspace/workspace/branch/datarecovery/keygen/asm/demo/bit64.go:144
MulInfo {
  Index: 0x5|5,
  XLow: 0x15282d4b|354954571,
  XHigh: 0x0|0,
  YLow: 0x2f4963b|49583675,
  YHigh: 0x0|0,
  X: 0x15282d4b|354954571,
  Y: 0x80c2902f4963b|2265170096461371,
  Z: 0xb0254c132c486249|12692634770044641865
}
2024-11-05 08:52:38   Struct ->                         >> │  //asm.(*Bit64).Debug+0x31 D:/workspace/workspace/branch/datarecovery/keygen/asm/demo/bit64.go:105
Bit64 {
  Low: 0x5305ccac|1392889004,
  High: 0x2c09|11273
}
2024-11-05 08:52:38   Struct ->                        div │  //asm.div+0x29d D:/workspace/workspace/branch/datarecovery/keygen/asm/demo/bit64.go:171
DivInfo {
  Index: 0x2|2,
  XLow: 0x32b36b74|850619252,
  XHigh: 0xb0254c17|2955234327,
  YLow: 0x6381be9a|1669447322,
  YHigh: 0x0|0,
  X: 0xb0254c1732b36b74|12692634787332189044,
  Y: 0x6381be9a|1669447322,
  Z: 0x1c52afd7b|7602896251
}
2024-11-05 08:52:38   Struct ->                          + │  //asm.(*Bit64).Debug+0x31 D:/workspace/workspace/branch/datarecovery/keygen/asm/demo/bit64.go:105
Bit64 {
  Low: 0x1830ca27|405850663,
  High: 0x2c0b|11275
}
2024-11-05 08:52:38   Struct ->                        mul │  //asm.mul+0x272 D:/workspace/workspace/branch/datarecovery/keygen/asm/demo/bit64.go:144
MulInfo {
  Index: 0x6|6,
  XLow: 0x1852a1b4|408068532,
  XHigh: 0x2c0b|11275,
  YLow: 0x3|3,
  YHigh: 0x0|0,
  X: 0x2c0b1852a1b4|48426164330932,
  Y: 0x3|3,
  Z: 0x842148f7e51c|145278492992796
}
2024-11-05 08:52:38   Struct ->                        mul │  //asm.mul+0x272 D:/workspace/workspace/branch/datarecovery/keygen/asm/demo/bit64.go:144
MulInfo {
  Index: 0x7|7,
  XLow: 0xf3e1|62433,
  XHigh: 0x0|0,
  YLow: 0x1968|6504,
  YHigh: 0x0|0,
  X: 0xf3e1|62433,
  Y: 0x1968|6504,
  Z: 0x18340c68|406064232
}
2024-11-05 08:52:38   Struct ->                        mul │  //asm.mul+0x272 D:/workspace/workspace/branch/datarecovery/keygen/asm/demo/bit64.go:144
MulInfo {
  Index: 0x8|8,
  XLow: 0x7c|124,
  XHigh: 0x7c|124,
  YLow: 0xb0254c17|2955234327,
  YHigh: 0x0|0,
  X: 0x7c0000007c|532575944828,
  Y: 0xb0254c17b0254c17|12692634789436804119,
  Z: 0xa421b69d5210db24|11826934883254590244
}
2024-11-05 08:52:38   Struct ->                        div │  //asm.div+0x29d D:/workspace/workspace/branch/datarecovery/keygen/asm/demo/bit64.go:171
DivInfo {
  Index: 0x3|3,
  XLow: 0x9b08c040|2601041984,
  XHigh: 0x9b08c040|2601041984,
  YLow: 0x6a|106,
  YHigh: 0x0|0,
  X: 0x9b08c0409b08c040|11171390259403997248,
  Y: 0x6a|106,
  Z: 0x1766c13ee244f18|105390474145320728
}
2024-11-05 08:52:38   Struct ->                        mul │  //asm.mul+0x272 D:/workspace/workspace/branch/datarecovery/keygen/asm/demo/bit64.go:144
MulInfo {
  Index: 0x9|9,
  XLow: 0xa422aa03|2753735171,
  XHigh: 0x0|0,
  YLow: 0x1c9e|7326,
  YHigh: 0x0|0,
  X: 0xa422aa03|2753735171,
  Y: 0x1c9e|7326,
  Z: 0x125917fd41da|20173863862746
}
2024-11-05 08:52:38   Struct ->                        mul │  //asm.mul+0x272 D:/workspace/workspace/branch/datarecovery/keygen/asm/demo/bit64.go:144
MulInfo {
  Index: 0xa|10,
  XLow: 0xbc1ef878|3156146296,
  XHigh: 0x1259|4697,
  YLow: 0x1259|4697,
  YHigh: 0x0|0,
  X: 0x1259bc1ef878|20176617535608,
  Y: 0xa421b69d00001259|11826934881877758553,
  Z: 0x4c6c6204943cd1b8|5506884216173679032
}
2024-11-05 08:52:38   Struct ->                        div │  //asm.div+0x29d D:/workspace/workspace/branch/datarecovery/keygen/asm/demo/bit64.go:171
DivInfo {
  Index: 0x4|4,
  XLow: 0xb0254c17|2955234327,
  XHigh: 0xb0254c1b|2955234331,
  YLow: 0x6a|106,
  YHigh: 0x0|0,
  X: 0xb0254c1bb0254c17|12692634806616673303,
  Y: 0x6a|106,
  Z: 0x1a968912ab7e626|119741837798270502
}
2024-11-05 08:52:38   Struct ->                        mul │  //asm.mul+0x272 D:/workspace/workspace/branch/datarecovery/keygen/asm/demo/bit64.go:144
MulInfo {
  Index: 0xb|11,
  XLow: 0x31|49,
  XHigh: 0x0|0,
  YLow: 0x1a96891|27879569,
  YHigh: 0x0|0,
  X: 0x31|49,
  Y: 0x1a9689101a96891|119741837109454993,
  Z: 0x516d03c1516d03c1|5867350018363294657
}
2024-11-05 08:52:38   Struct ->                        mul │  //asm.mul+0x272 D:/workspace/workspace/branch/datarecovery/keygen/asm/demo/bit64.go:144
MulInfo {
  Index: 0xc|12,
  XLow: 0xf1|241,
  XHigh: 0x7|7,
  YLow: 0xb0254c17|2955234327,
  YHigh: 0x0|0,
  X: 0x7000000f1|30064771313,
  Y: 0xb0254c1bb0254c17|12692634806616673303,
  Z: 0xa421bab1d31ca1a7|11826939369365479847
}
2024-11-05 08:52:38   Struct ->                        div │  //asm.div+0x29d D:/workspace/workspace/branch/datarecovery/keygen/asm/demo/bit64.go:171
DivInfo {
  Index: 0x5|5,
  XLow: 0xb0254c17|2955234327,
  XHigh: 0xb0254c1b|2955234331,
  YLow: 0x6a|106,
  YHigh: 0x0|0,
  X: 0xb0254c1bb0254c17|12692634806616673303,
  Y: 0x6a|106,
  Z: 0x1a968912ab7e626|119741837798270502
}
2024-11-05 08:52:38   Struct ->                        mul │  //asm.mul+0x272 D:/workspace/workspace/branch/datarecovery/keygen/asm/demo/bit64.go:144
MulInfo {
  Index: 0xd|13,
  XLow: 0x24|36,
  XHigh: 0x0|0,
  YLow: 0x1a96891|27879569,
  YHigh: 0x0|0,
  X: 0x24|36,
  Y: 0x1a9689101a96891|119741837109454993,
  Z: 0x3bd2b4643bd2b464|4310706135940379748
}
2024-11-05 08:52:38   Struct ->                        mul │  //asm.mul+0x272 D:/workspace/workspace/branch/datarecovery/keygen/asm/demo/bit64.go:144
MulInfo {
  Index: 0xe|14,
  XLow: 0xc3|195,
  XHigh: 0x6|6,
  YLow: 0xb0254c17|2955234327,
  YHigh: 0x0|0,
  X: 0x6000000c3|25769803971,
  Y: 0xb0254c1bb0254c17|12692634806616673303,
  Z: 0x4d48c1a12c68f585|5568913837222589829
}
2024-11-05 08:52:38   Struct ->                        div │  //asm.div+0x29d D:/workspace/workspace/branch/datarecovery/keygen/asm/demo/bit64.go:171
DivInfo {
  Index: 0x6|6,
  XLow: 0xb0254c17|2955234327,
  XHigh: 0xb0254c1b|2955234331,
  YLow: 0x6a|106,
  YHigh: 0x0|0,
  X: 0xb0254c1bb0254c17|12692634806616673303,
  Y: 0x6a|106,
  Z: 0x1a968912ab7e626|119741837798270502
}
2024-11-05 08:52:38   Struct ->                        mul │  //asm.mul+0x272 D:/workspace/workspace/branch/datarecovery/keygen/asm/demo/bit64.go:144
MulInfo {
  Index: 0xf|15,
  XLow: 0x19|25,
  XHigh: 0x0|0,
  YLow: 0x1a96891|27879569,
  YHigh: 0x0|0,
  X: 0x19|25,
  Y: 0x1a9689101a96891|119741837109454993,
  Z: 0x298b3629298b3629|2993545927736374825
}
2024-11-05 08:52:38   Struct ->                        mul │  //asm.mul+0x272 D:/workspace/workspace/branch/datarecovery/keygen/asm/demo/bit64.go:144
MulInfo {
  Index: 0x10|16,
  XLow: 0x47|71,
  XHigh: 0x5|5,
  YLow: 0xb0254c17|2955234327,
  YHigh: 0x0|0,
  X: 0x500000047|21474836551,
  Y: 0xb0254c1bb0254c17|12692634806616673303,
  Z: 0x4b129820da581a61|5409553369294969441
}
2024-11-05 08:52:38   Struct ->                        div │  //asm.div+0x29d D:/workspace/workspace/branch/datarecovery/keygen/asm/demo/bit64.go:171
DivInfo {
  Index: 0x7|7,
  XLow: 0xb0254c17|2955234327,
  XHigh: 0xb0254c1b|2955234331,
  YLow: 0x6a|106,
  YHigh: 0x0|0,
  X: 0xb0254c1bb0254c17|12692634806616673303,
  Y: 0x6a|106,
  Z: 0x1a968912ab7e626|119741837798270502
}
2024-11-05 08:52:38   Struct ->                        mul │  //asm.mul+0x272 D:/workspace/workspace/branch/datarecovery/keygen/asm/demo/bit64.go:144
MulInfo {
  Index: 0x11|17,
  XLow: 0x10|16,
  XHigh: 0x0|0,
  YLow: 0x1a96891|27879569,
  YHigh: 0x0|0,
  X: 0x10|16,
  Y: 0x1a9689101a96891|119741837109454993,
  Z: 0x1a9689101a968910|1915869393751279888
}
2024-11-05 08:52:38   Struct ->                        mul │  //asm.mul+0x272 D:/workspace/workspace/branch/datarecovery/keygen/asm/demo/bit64.go:144
MulInfo {
  Index: 0x12|18,
  XLow: 0xff|255,
  XHigh: 0x4|4,
  YLow: 0xb0254c17|2955234327,
  YHigh: 0x0|0,
  X: 0x4000000ff|17179869439,
  Y: 0xb0254c1bb0254c17|12692634806616673303,
  Z: 0x35bbfff07526cae9|3871969712877783785
}
2024-11-05 08:52:38   Struct ->                        div │  //asm.div+0x29d D:/workspace/workspace/branch/datarecovery/keygen/asm/demo/bit64.go:171
DivInfo {
  Index: 0x8|8,
  XLow: 0xb0254c17|2955234327,
  XHigh: 0xb0254c1b|2955234331,
  YLow: 0x6a|106,
  YHigh: 0x0|0,
  X: 0xb0254c1bb0254c17|12692634806616673303,
  Y: 0x6a|106,
  Z: 0x1a968912ab7e626|119741837798270502
}
2024-11-05 08:52:38   Struct ->                        mul │  //asm.mul+0x272 D:/workspace/workspace/branch/datarecovery/keygen/asm/demo/bit64.go:144
MulInfo {
  Index: 0x13|19,
  XLow: 0x9|9,
  XHigh: 0x0|0,
  YLow: 0x1a96891|27879569,
  YHigh: 0x0|0,
  X: 0x9|9,
  Y: 0x1a9689101a96891|119741837109454993,
  Z: 0xef4ad190ef4ad19|1077676533985094937
}
2024-11-05 08:52:38   Struct ->                        mul │  //asm.mul+0x272 D:/workspace/workspace/branch/datarecovery/keygen/asm/demo/bit64.go:144
MulInfo {
  Index: 0x14|20,
  XLow: 0x7c|124,
  XHigh: 0x3|3,
  YLow: 0xb0254c17|2955234327,
  YHigh: 0x0|0,
  X: 0x30000007c|12884902012,
  Y: 0xb0254c1bb0254c17|12692634806616673303,
  Z: 0x6280c1ae5210db24|7097885967181208356
}
2024-11-05 08:52:38   Struct ->                        div │  //asm.div+0x29d D:/workspace/workspace/branch/datarecovery/keygen/asm/demo/bit64.go:171
DivInfo {
  Index: 0x9|9,
  XLow: 0xb0254c17|2955234327,
  XHigh: 0xb0254c1b|2955234331,
  YLow: 0x6a|106,
  YHigh: 0x0|0,
  X: 0xb0254c1bb0254c17|12692634806616673303,
  Y: 0x6a|106,
  Z: 0x1a968912ab7e626|119741837798270502
}
2024-11-05 08:52:38   Struct ->                        mul │  //asm.mul+0x272 D:/workspace/workspace/branch/datarecovery/keygen/asm/demo/bit64.go:144
MulInfo {
  Index: 0x15|21,
  XLow: 0x4|4,
  XHigh: 0x0|0,
  YLow: 0x1a96891|27879569,
  YHigh: 0x0|0,
  X: 0x4|4,
  Y: 0x1a9689101a96891|119741837109454993,
  Z: 0x6a5a24406a5a244|478967348437819972
}
2024-11-05 08:52:38   Struct ->                        mul │  //asm.mul+0x272 D:/workspace/workspace/branch/datarecovery/keygen/asm/demo/bit64.go:144
MulInfo {
  Index: 0x16|22,
  XLow: 0x8b|139,
  XHigh: 0x2|2,
  YLow: 0xb0254c17|2955234327,
  YHigh: 0x0|0,
  X: 0x20000008b|8589934731,
  Y: 0xb0254c1bb0254c17|12692634806616673303,
  Z: 0x48aeb36a440507d|327332542854221949
}
